<?xml version="1.0" encoding="UTF-8"?>
<!-- Generated by org.testng.reporters.JUnitXMLReporter -->
<testsuite ignored="0" hostname="Abhisheks-MacBook-Air.local" failures="2" tests="13" name="First testng test" time="111.529" errors="0" timestamp="2025-03-18T15:02:29 IST">
  <testcase classname="testngbasics.InvocationCount" name="sum" time="0.004"/>
  <testcase classname="testngbasics.InvocationCount" name="sum" time="0.001"/>
  <testcase classname="testngbasics.InvocationCount" name="sum" time="0.0"/>
  <testcase classname="testngbasics.InvocationCount" name="sum" time="0.0"/>
  <testcase classname="testngbasics.InvocationCount" name="sum" time="0.001"/>
  <testcase classname="testngbasics.InvocationCount" name="sum" time="0.0"/>
  <testcase classname="testngbasics.InvocationCount" name="sum" time="0.001"/>
  <testcase classname="testngbasics.InvocationCount" name="sum" time="0.001"/>
  <testcase classname="testngbasics.InvocationCount" name="sum" time="0.001"/>
  <testcase classname="testngbasics.InvocationCount" name="sum" time="0.0"/>
  <testcase classname="testngbasics.MangentoTestingBoard" name="getTitleTest" time="0.007">
    <failure type="junit.framework.ComparisonFailure" message="expected:&amp;lt;Home Pag...&amp;gt; but was:&amp;lt;Googl...&amp;gt;">
      <![CDATA[junit.framework.ComparisonFailure: expected:<Home Pag...> but was:<Googl...>
at junit.framework.Assert.assertEquals(Assert.java:81)
at junit.framework.Assert.assertEquals(Assert.java:87)
at testngbasics.MangentoTestingBoard.getTitleTest(MangentoTestingBoard.java:32)
at java.base/java.util.ArrayList.forEach(ArrayList.java:1597)
... Removed 25 stack frames]]>
    </failure>
  </testcase> <!-- getTitleTest -->
  <testcase classname="testngbasics.MangentoTestingBoard" name="signUpTest" time="1.561">
    <failure type="junit.framework.ComparisonFailure" message="expected:&amp;lt;Create New Customer Account&amp;gt; but was:&amp;lt;Facebook&amp;gt;">
      <![CDATA[junit.framework.ComparisonFailure: expected:<Create New Customer Account> but was:<Facebook>
at junit.framework.Assert.assertEquals(Assert.java:81)
at junit.framework.Assert.assertEquals(Assert.java:87)
at testngbasics.MangentoTestingBoard.signUpTest(MangentoTestingBoard.java:41)
at java.base/java.util.ArrayList.forEach(ArrayList.java:1597)
... Removed 25 stack frames]]>
    </failure>
  </testcase> <!-- signUpTest -->
  <testcase classname="testngbasics.MangentoTestingBoard" name="signUpFormFill" time="3.207"/>
</testsuite> <!-- First testng test -->
